2019-04-01 00:00:03,110 ERROR 14960 [-/::1/-/16ms GET /exprotData] nodejs.Error: Bad range (0): A1:k150
    at check_ws (C:\Users\Administrator\Desktop\node\webCar\node_modules\xlsx\xlsx.js:12782:60)
    at check_wb (C:\Users\Administrator\Desktop\node\webCar\node_modules\xlsx\xlsx.js:14532:48)
    at writeSync (C:\Users\Administrator\Desktop\node\webCar\node_modules\xlsx\xlsx.js:20417:2)
    at Object.writeFileSync (C:\Users\Administrator\Desktop\node\webCar\node_modules\xlsx\xlsx.js:20469:9)
    at CarLists.exprotData (C:\Users\Administrator\Desktop\node\webCar\app\controller\car.js:316:18)
    at <anonymous>

pid: 14960
hostname: KOTIN

2019-04-01 00:10:16,799 ERROR 16996 [-/::1/-/18ms GET /exprotData] nodejs.Error: Bad range (0): A1:k10
    at check_ws (C:\Users\Administrator\Desktop\node\webCar\node_modules\xlsx\xlsx.js:12782:60)
    at check_wb (C:\Users\Administrator\Desktop\node\webCar\node_modules\xlsx\xlsx.js:14532:48)
    at writeSync (C:\Users\Administrator\Desktop\node\webCar\node_modules\xlsx\xlsx.js:20417:2)
    at Object.writeFileSync (C:\Users\Administrator\Desktop\node\webCar\node_modules\xlsx\xlsx.js:20469:9)
    at CarLists.exprotData (C:\Users\Administrator\Desktop\node\webCar\app\controller\car.js:316:18)
    at <anonymous>

pid: 16996
hostname: KOTIN

2019-04-01 00:10:18,761 ERROR 16996 [-/::1/-/11ms GET /exprotData] nodejs.Error: Bad range (0): A1:k10
    at check_ws (C:\Users\Administrator\Desktop\node\webCar\node_modules\xlsx\xlsx.js:12782:60)
    at check_wb (C:\Users\Administrator\Desktop\node\webCar\node_modules\xlsx\xlsx.js:14532:48)
    at writeSync (C:\Users\Administrator\Desktop\node\webCar\node_modules\xlsx\xlsx.js:20417:2)
    at Object.writeFileSync (C:\Users\Administrator\Desktop\node\webCar\node_modules\xlsx\xlsx.js:20469:9)
    at CarLists.exprotData (C:\Users\Administrator\Desktop\node\webCar\app\controller\car.js:316:18)
    at <anonymous>

pid: 16996
hostname: KOTIN

2019-04-01 00:10:19,191 ERROR 16996 [-/::1/-/9ms GET /exprotData] nodejs.Error: Bad range (0): A1:k10
    at check_ws (C:\Users\Administrator\Desktop\node\webCar\node_modules\xlsx\xlsx.js:12782:60)
    at check_wb (C:\Users\Administrator\Desktop\node\webCar\node_modules\xlsx\xlsx.js:14532:48)
    at writeSync (C:\Users\Administrator\Desktop\node\webCar\node_modules\xlsx\xlsx.js:20417:2)
    at Object.writeFileSync (C:\Users\Administrator\Desktop\node\webCar\node_modules\xlsx\xlsx.js:20469:9)
    at CarLists.exprotData (C:\Users\Administrator\Desktop\node\webCar\app\controller\car.js:316:18)
    at <anonymous>

pid: 16996
hostname: KOTIN

2019-04-01 00:18:22,478 ERROR 13472 [-/::1/-/41ms GET /exprotData] nodejs.Error: Bad range (0): A1:k150
    at check_ws (C:\Users\Administrator\Desktop\node\webCar\node_modules\xlsx\xlsx.js:12782:60)
    at check_wb (C:\Users\Administrator\Desktop\node\webCar\node_modules\xlsx\xlsx.js:14532:48)
    at writeSync (C:\Users\Administrator\Desktop\node\webCar\node_modules\xlsx\xlsx.js:20417:2)
    at Object.writeFileSync (C:\Users\Administrator\Desktop\node\webCar\node_modules\xlsx\xlsx.js:20469:9)
    at CarLists.exprotData (C:\Users\Administrator\Desktop\node\webCar\app\controller\car.js:317:18)
    at <anonymous>

pid: 13472
hostname: KOTIN

