2019-02-27 00:01:02,090 INFO 8424 [egg-sequelize](5ms) Executed (default): SELECT `id`, `area_name`, `area_code`, `area_short`, `area_is_hot`, `area_sequence`, `area_parent_id`, `init_date`, `init_addr` FROM `dt_area` AS `dt_area` WHERE `dt_area`.`area_parent_id` = '0';
2019-02-27 00:01:12,889 INFO 8424 [egg-sequelize](2ms) Executed (default): SELECT `id`, `area_name`, `area_code`, `area_short`, `area_is_hot`, `area_sequence`, `area_parent_id`, `init_date`, `init_addr` FROM `dt_area` AS `dt_area` WHERE `dt_area`.`area_parent_id` = '0';
2019-02-27 00:02:00,862 INFO 8424 [egg-sequelize](5ms) Executed (default): SELECT `id`, `area_name`, `area_code`, `area_short`, `area_is_hot`, `area_sequence`, `area_parent_id`, `init_date`, `init_addr` FROM `dt_area` AS `dt_area` WHERE `dt_area`.`area_parent_id` = '0';
2019-02-27 00:02:27,537 INFO 8424 [egg-sequelize](2ms) Executed (default): SELECT `id`, `area_name`, `area_code`, `area_short`, `area_is_hot`, `area_sequence`, `area_parent_id`, `init_date`, `init_addr` FROM `dt_area` AS `dt_area` WHERE `dt_area`.`area_parent_id` = '0';
2019-02-27 00:02:31,225 INFO 8424 [egg-sequelize](2ms) Executed (default): SELECT `id`, `area_name`, `area_code`, `area_short`, `area_is_hot`, `area_sequence`, `area_parent_id`, `init_date`, `init_addr` FROM `dt_area` AS `dt_area` WHERE `dt_area`.`area_parent_id` = '0';
2019-02-27 00:03:08,192 INFO 8424 [egg-sequelize](2ms) Executed (default): SELECT `id`, `area_name`, `area_code`, `area_short`, `area_is_hot`, `area_sequence`, `area_parent_id`, `init_date`, `init_addr` FROM `dt_area` AS `dt_area` WHERE `dt_area`.`area_parent_id` = '0';
2019-02-27 00:03:51,350 INFO 8424 [egg-sequelize](3ms) Executed (default): SELECT `id`, `area_name`, `area_code`, `area_short`, `area_is_hot`, `area_sequence`, `area_parent_id`, `init_date`, `init_addr` FROM `dt_area` AS `dt_area` WHERE `dt_area`.`area_parent_id` = '0';
2019-02-27 00:08:26,549 INFO 8424 [egg-sequelize](2ms) Executed (default): SELECT `id`, `area_name`, `area_code`, `area_short`, `area_is_hot`, `area_sequence`, `area_parent_id`, `init_date`, `init_addr` FROM `dt_area` AS `dt_area` WHERE `dt_area`.`area_parent_id` = '0';
2019-02-27 00:59:26,346 INFO 8424 [egg-sequelize](2ms) Executed (default): SELECT `id`, `area_name`, `area_code`, `area_short`, `area_is_hot`, `area_sequence`, `area_parent_id`, `init_date`, `init_addr` FROM `dt_area` AS `dt_area` WHERE `dt_area`.`area_parent_id` = '0';
2019-02-27 01:01:01,463 INFO 8424 [egg-sequelize](2ms) Executed (default): SELECT `id`, `area_name`, `area_code`, `area_short`, `area_is_hot`, `area_sequence`, `area_parent_id`, `init_date`, `init_addr` FROM `dt_area` AS `dt_area` WHERE `dt_area`.`area_parent_id` = '0';
2019-02-27 01:01:30,695 INFO 8424 [egg-sequelize](2ms) Executed (default): SELECT `id`, `area_name`, `area_code`, `area_short`, `area_is_hot`, `area_sequence`, `area_parent_id`, `init_date`, `init_addr` FROM `dt_area` AS `dt_area` WHERE `dt_area`.`area_parent_id` = '0';
2019-02-27 01:01:52,344 INFO 8424 [egg-sequelize](2ms) Executed (default): SELECT `id`, `area_name`, `area_code`, `area_short`, `area_is_hot`, `area_sequence`, `area_parent_id`, `init_date`, `init_addr` FROM `dt_area` AS `dt_area` WHERE `dt_area`.`area_parent_id` = '0';
2019-02-27 01:02:05,976 INFO 8424 [egg-sequelize](1ms) Executed (default): SELECT `id`, `area_name`, `area_code`, `area_short`, `area_is_hot`, `area_sequence`, `area_parent_id`, `init_date`, `init_addr` FROM `dt_area` AS `dt_area` WHERE `dt_area`.`area_parent_id` = '0';
2019-02-27 01:02:09,357 INFO 8424 [egg-sequelize](1ms) Executed (default): SELECT `id`, `area_name`, `area_code`, `area_short`, `area_is_hot`, `area_sequence`, `area_parent_id`, `init_date`, `init_addr` FROM `dt_area` AS `dt_area` WHERE `dt_area`.`area_parent_id` = '110000';
2019-02-27 01:02:12,379 INFO 8424 [egg-sequelize](1ms) Executed (default): SELECT `id`, `area_name`, `area_code`, `area_short`, `area_is_hot`, `area_sequence`, `area_parent_id`, `init_date`, `init_addr` FROM `dt_area` AS `dt_area` WHERE `dt_area`.`area_parent_id` = '130000';
2019-02-27 01:03:40,023 INFO 8424 [egg-sequelize](3ms) Executed (default): SELECT `id`, `area_name`, `area_code`, `area_short`, `area_is_hot`, `area_sequence`, `area_parent_id`, `init_date`, `init_addr` FROM `dt_area` AS `dt_area` WHERE `dt_area`.`area_parent_id` = '0';
2019-02-27 01:03:43,662 INFO 8424 [egg-sequelize](0ms) Executed (default): SELECT `id`, `area_name`, `area_code`, `area_short`, `area_is_hot`, `area_sequence`, `area_parent_id`, `init_date`, `init_addr` FROM `dt_area` AS `dt_area` WHERE `dt_area`.`area_parent_id` = '120000';
2019-02-27 01:03:46,797 INFO 8424 [egg-sequelize](1ms) Executed (default): SELECT `id`, `area_name`, `area_code`, `area_short`, `area_is_hot`, `area_sequence`, `area_parent_id`, `init_date`, `init_addr` FROM `dt_area` AS `dt_area` WHERE `dt_area`.`area_parent_id` = '620000';
2019-02-27 01:07:27,299 INFO 8424 [egg-sequelize](3ms) Executed (default): SELECT `id`, `area_name`, `area_code`, `area_short`, `area_is_hot`, `area_sequence`, `area_parent_id`, `init_date`, `init_addr` FROM `dt_area` AS `dt_area` WHERE `dt_area`.`area_parent_id` = '0';
2019-02-27 01:09:02,198 INFO 8424 [egg-sequelize](3ms) Executed (default): SELECT `id`, `area_name`, `area_code`, `area_short`, `area_is_hot`, `area_sequence`, `area_parent_id`, `init_date`, `init_addr` FROM `dt_area` AS `dt_area` WHERE `dt_area`.`area_parent_id` = '0';
2019-02-27 01:09:08,810 INFO 8424 [egg-sequelize](1ms) Executed (default): SELECT `id`, `area_name`, `area_code`, `area_short`, `area_is_hot`, `area_sequence`, `area_parent_id`, `init_date`, `init_addr` FROM `dt_area` AS `dt_area` WHERE `dt_area`.`area_parent_id` = '110000';
2019-02-27 01:12:35,911 INFO 8424 [egg-sequelize](1ms) Executed (default): SELECT `id`, `area_name`, `area_code`, `area_short`, `area_is_hot`, `area_sequence`, `area_parent_id`, `init_date`, `init_addr` FROM `dt_area` AS `dt_area` WHERE `dt_area`.`area_parent_id` = '0';
2019-02-27 01:12:44,855 INFO 8424 [egg-sequelize](1ms) Executed (default): SELECT `id`, `area_name`, `area_code`, `area_short`, `area_is_hot`, `area_sequence`, `area_parent_id`, `init_date`, `init_addr` FROM `dt_area` AS `dt_area` WHERE `dt_area`.`area_parent_id` = '110000';
2019-02-27 01:13:41,145 INFO 8424 [egg-sequelize](1ms) Executed (default): SELECT `id`, `area_name`, `area_code`, `area_short`, `area_is_hot`, `area_sequence`, `area_parent_id`, `init_date`, `init_addr` FROM `dt_area` AS `dt_area` WHERE `dt_area`.`area_parent_id` = '0';
2019-02-27 01:14:05,861 INFO 8424 [egg-sequelize](1ms) Executed (default): SELECT `id`, `area_name`, `area_code`, `area_short`, `area_is_hot`, `area_sequence`, `area_parent_id`, `init_date`, `init_addr` FROM `dt_area` AS `dt_area` WHERE `dt_area`.`area_parent_id` = '510000';
2019-02-27 01:14:16,651 INFO 8424 [egg-sequelize](4ms) Executed (default): INSERT INTO `Distributor` (`id`,`name`,`state`,`largeArea`,`province`,`prefectureLevelCity`,`address`,`tel`) VALUES (DEFAULT,'成都汇腾汽车销售服务有限公司','03, 正常营业','RSD6','510000','510100','成都市蒲江县鹤山镇工业集中发展区工业南路8号','028-69929666');
2019-02-27 01:17:46,499 INFO 8424 [egg-sequelize](3ms) Executed (default): SELECT `id`, `area_name`, `area_code`, `area_short`, `area_is_hot`, `area_sequence`, `area_parent_id`, `init_date`, `init_addr` FROM `dt_area` AS `dt_area` WHERE `dt_area`.`area_parent_id` = '0';
2019-02-27 01:18:06,759 INFO 8424 [egg-sequelize](1ms) Executed (default): SELECT `id`, `area_name`, `area_code`, `area_short`, `area_is_hot`, `area_sequence`, `area_parent_id`, `init_date`, `init_addr` FROM `dt_area` AS `dt_area` WHERE `dt_area`.`area_parent_id` = '510000';
2019-02-27 01:18:23,867 INFO 8424 [egg-sequelize](2ms) Executed (default): INSERT INTO `Distributor` (`id`,`name`,`state`,`largeArea`,`province`,`prefectureLevelCity`,`address`,`tel`) VALUES (DEFAULT,'成都广汇申蓉汇通汽车销售服务有限公司','03, 正常营业','RSD6','510000','510100','成都市金堂县迎宾大道二段13号 02868277984','028-69390000');
2019-02-27 01:18:46,457 INFO 8424 [egg-sequelize](1ms) Executed (default): SELECT `id`, `area_name`, `area_code`, `area_short`, `area_is_hot`, `area_sequence`, `area_parent_id`, `init_date`, `init_addr` FROM `dt_area` AS `dt_area` WHERE `dt_area`.`area_parent_id` = '0';
2019-02-27 01:19:05,899 INFO 8424 [egg-sequelize](1ms) Executed (default): SELECT `id`, `area_name`, `area_code`, `area_short`, `area_is_hot`, `area_sequence`, `area_parent_id`, `init_date`, `init_addr` FROM `dt_area` AS `dt_area` WHERE `dt_area`.`area_parent_id` = '510000';
2019-02-27 01:19:15,182 INFO 8424 [egg-sequelize](2ms) Executed (default): INSERT INTO `Distributor` (`id`,`name`,`state`,`largeArea`,`province`,`prefectureLevelCity`,`address`,`tel`) VALUES (DEFAULT,'四川虹润汽车贸易有限公司','03, 正常营业','RSD6','510000','510100','四川省新津县花桥镇龚巷村5组','028-82590888');
2019-02-27 01:21:02,536 INFO 8424 [egg-sequelize](1ms) Executed (default): SELECT `id`, `area_name`, `area_code`, `area_short`, `area_is_hot`, `area_sequence`, `area_parent_id`, `init_date`, `init_addr` FROM `dt_area` AS `dt_area` WHERE `dt_area`.`area_parent_id` = '0';
2019-02-27 01:21:15,674 INFO 8424 [egg-sequelize](2ms) Executed (default): SELECT `id`, `area_name`, `area_code`, `area_short`, `area_is_hot`, `area_sequence`, `area_parent_id`, `init_date`, `init_addr` FROM `dt_area` AS `dt_area` WHERE `dt_area`.`area_parent_id` = '0';
2019-02-27 01:21:15,677 INFO 8424 [egg-sequelize](2ms) Executed (default): SELECT `id`, `name`, `state`, `largeArea`, `province`, `prefectureLevelCity`, `address`, `tel` FROM `Distributor` AS `Distributor`;
2019-02-27 01:21:56,734 INFO 8424 [egg-sequelize](1ms) Executed (default): SELECT `id`, `area_name`, `area_code`, `area_short`, `area_is_hot`, `area_sequence`, `area_parent_id`, `init_date`, `init_addr` FROM `dt_area` AS `dt_area` WHERE `dt_area`.`area_parent_id` = '0';
2019-02-27 01:21:56,735 INFO 8424 [egg-sequelize](2ms) Executed (default): SELECT `id`, `name`, `state`, `largeArea`, `province`, `prefectureLevelCity`, `address`, `tel` FROM `Distributor` AS `Distributor`;
2019-02-27 01:21:58,012 INFO 8424 [egg-sequelize](3ms) Executed (default): SELECT `id`, `area_name`, `area_code`, `area_short`, `area_is_hot`, `area_sequence`, `area_parent_id`, `init_date`, `init_addr` FROM `dt_area` AS `dt_area` WHERE `dt_area`.`area_parent_id` = '0';
2019-02-27 01:21:58,012 INFO 8424 [egg-sequelize](2ms) Executed (default): SELECT `id`, `name`, `state`, `largeArea`, `province`, `prefectureLevelCity`, `address`, `tel` FROM `Distributor` AS `Distributor`;
2019-02-27 01:22:15,387 INFO 8424 [egg-sequelize](2ms) Executed (default): SELECT `id`, `area_name`, `area_code`, `area_short`, `area_is_hot`, `area_sequence`, `area_parent_id`, `init_date`, `init_addr` FROM `dt_area` AS `dt_area` WHERE `dt_area`.`area_parent_id` = '0';
2019-02-27 01:22:15,387 INFO 8424 [egg-sequelize](1ms) Executed (default): SELECT `id`, `name`, `state`, `largeArea`, `province`, `prefectureLevelCity`, `address`, `tel` FROM `Distributor` AS `Distributor`;
2019-02-27 01:41:44,291 INFO 14936 [egg-sequelize](0ms) Executed (default): SELECT 1+1 AS result
2019-02-27 01:42:04,631 INFO 14936 [egg-sequelize](4ms) Executed (default): SELECT `id`, `area_name`, `area_code`, `area_short`, `area_is_hot`, `area_sequence`, `area_parent_id`, `init_date`, `init_addr` FROM `dt_area` AS `dt_area` WHERE `dt_area`.`area_parent_id` = '0';
2019-02-27 01:53:38,068 INFO 6116 [egg-sequelize](0ms) Executed (default): SELECT 1+1 AS result
2019-02-27 01:53:46,138 INFO 6116 [egg-sequelize](9ms) Executed (default): SELECT `id`, `area_name`, `area_code`, `area_short`, `area_is_hot`, `area_sequence`, `area_parent_id`, `init_date`, `init_addr` FROM `dt_area` AS `dt_area` WHERE `dt_area`.`area_parent_id` = '0';
2019-02-27 01:55:13,674 INFO 10564 [egg-sequelize](1ms) Executed (default): SELECT 1+1 AS result
2019-02-27 01:56:53,818 INFO 20492 [egg-sequelize](1ms) Executed (default): SELECT 1+1 AS result
2019-02-27 01:56:57,590 INFO 20492 [egg-sequelize](9ms) Executed (default): SELECT `id`, `area_name`, `area_code`, `area_short`, `area_is_hot`, `area_sequence`, `area_parent_id`, `init_date`, `init_addr` FROM `dt_area` AS `dt_area` WHERE `dt_area`.`area_parent_id` = '0';
2019-02-27 02:07:06,754 INFO 20924 [egg-sequelize](1ms) Executed (default): SELECT 1+1 AS result
2019-02-27 02:07:10,038 INFO 20924 [egg-sequelize](6ms) Executed (default): SELECT `id`, `area_name`, `area_code`, `area_short`, `area_is_hot`, `area_sequence`, `area_parent_id`, `init_date`, `init_addr` FROM `dt_area` AS `dt_area` WHERE `dt_area`.`area_parent_id` = '0';
2019-02-27 02:07:10,043 INFO 20924 [egg-sequelize](4ms) Executed (default): SELECT `id`, `name`, `state`, `largeArea`, `province`, `prefectureLevelCity`, `address`, `tel` FROM `Distributor` AS `Distributor`;
2019-02-27 02:16:10,944 INFO 1816 [egg-sequelize](0ms) Executed (default): SELECT 1+1 AS result
2019-02-27 02:16:15,927 INFO 1816 [egg-sequelize](10ms) Executed (default): SELECT `id`, `area_name`, `area_code`, `area_short`, `area_is_hot`, `area_sequence`, `area_parent_id`, `init_date`, `init_addr` FROM `dt_area` AS `dt_area` WHERE `dt_area`.`area_parent_id` = '0';
2019-02-27 02:17:00,440 INFO 10564 [egg-sequelize](1ms) Executed (default): SELECT 1+1 AS result
2019-02-27 02:17:41,515 INFO 15064 [egg-sequelize](1ms) Executed (default): SELECT 1+1 AS result
2019-02-27 02:17:55,794 INFO 19816 [egg-sequelize](1ms) Executed (default): SELECT 1+1 AS result
2019-02-27 02:18:04,265 INFO 19816 [egg-sequelize](11ms) Executed (default): SELECT `id`, `area_name`, `area_code`, `area_short`, `area_is_hot`, `area_sequence`, `area_parent_id`, `init_date`, `init_addr` FROM `dt_area` AS `dt_area` WHERE `dt_area`.`area_parent_id` = '0';
2019-02-27 02:18:21,791 INFO 4220 [egg-sequelize](1ms) Executed (default): SELECT 1+1 AS result
2019-02-27 02:18:27,374 INFO 4220 [egg-sequelize](10ms) Executed (default): SELECT `id`, `area_name`, `area_code`, `area_short`, `area_is_hot`, `area_sequence`, `area_parent_id`, `init_date`, `init_addr` FROM `dt_area` AS `dt_area` WHERE `dt_area`.`area_parent_id` = '0';
2019-02-27 02:19:52,540 INFO 20484 [egg-sequelize](1ms) Executed (default): SELECT 1+1 AS result
2019-02-27 02:19:57,377 INFO 20484 [egg-sequelize](9ms) Executed (default): SELECT `id`, `area_name`, `area_code`, `area_short`, `area_is_hot`, `area_sequence`, `area_parent_id`, `init_date`, `init_addr` FROM `dt_area` AS `dt_area` WHERE `dt_area`.`area_parent_id` = '0';
2019-02-27 02:20:07,669 INFO 20484 [egg-sequelize](9ms) Executed (default): SELECT `id`, `area_name`, `area_code`, `area_short`, `area_is_hot`, `area_sequence`, `area_parent_id`, `init_date`, `init_addr` FROM `dt_area` AS `dt_area` WHERE `dt_area`.`area_parent_id` = '0';
2019-02-27 02:21:14,309 INFO 3240 [egg-sequelize](1ms) Executed (default): SELECT 1+1 AS result
2019-02-27 02:21:19,656 INFO 3240 [egg-sequelize](9ms) Executed (default): SELECT `id`, `area_name`, `area_code`, `area_short`, `area_is_hot`, `area_sequence`, `area_parent_id`, `init_date`, `init_addr` FROM `dt_area` AS `dt_area` WHERE `dt_area`.`area_parent_id` = '0';
2019-02-27 02:21:19,661 INFO 3240 [egg-sequelize](3ms) Executed (default): SELECT `Distributor`.`id`, `Distributor`.`name`, `Distributor`.`state`, `Distributor`.`largeArea`, `Distributor`.`province`, `Distributor`.`prefectureLevelCity`, `Distributor`.`address`, `Distributor`.`tel`, `dt_areas`.`id` AS `dt_areas.id`, `dt_areas`.`area_name` AS `dt_areas.area_name` FROM `Distributor` AS `Distributor` LEFT OUTER JOIN `dt_area` AS `dt_areas` ON `Distributor`.`id` = `dt_areas`.`id`;
